#
# There is insufficient memory for the Java Runtime Environment to continue.
# Native memory allocation (mmap) failed to map 257949696 bytes for G1 virtual space
# Possible reasons:
#   The system is out of physical RAM or swap space
#   The process is running with CompressedOops enabled, and the Java Heap may be blocking the growth of the native heap
# Possible solutions:
#   Reduce memory load on the system
#   Increase physical memory or swap space
#   Check if swap backing store is full
#   Decrease Java heap size (-Xmx/-Xms)
#   Decrease number of Java threads
#   Decrease Java thread stack sizes (-Xss)
#   Set larger code cache with -XX:ReservedCodeCacheSize=
#   JVM is running with Zero Based Compressed Oops mode in which the Java heap is
#     placed in the first 32GB address space. The Java Heap base address is the
#     maximum limit for the native heap growth. Please use -XX:HeapBaseMinAddress
#     to set the Java Heap base and to place the Java Heap above 32GB virtual address.
# This output file may be truncated or incomplete.
#
#  Out of Memory Error (os_windows.cpp:3550), pid=2608, tid=14108
#
# JRE version:  (17.0.6+9) (build )
# Java VM: Java HotSpot(TM) 64-Bit Server VM (17.0.6+9-LTS-190, mixed mode, sharing, tiered, compressed oops, compressed class ptrs, g1 gc, windows-amd64)
# No core dump will be written. Minidumps are not enabled by default on client versions of Windows
#

---------------  S U M M A R Y ------------

Command Line: -Dfile.encoding=UTF-8 --module-path=C:\Users\HP\OneDrive\Documents\NetBeansProjects\Employee Details Management\build\classes employee.details.management.SalaryCalculation

Host: AMD Ryzen 5 5500U with Radeon Graphics         , 12 cores, 15G,  Windows 11 , 64 bit Build 22621 (10.0.22621.1635)
Time: Sun May 28 18:14:35 2023 India Standard Time elapsed time: 0.035554 seconds (0d 0h 0m 0s)

---------------  T H R E A D  ---------------

Current thread (0x0000024323a80d00):  JavaThread "Unknown thread" [_thread_in_vm, id=14108, stack(0x0000006a3c000000,0x0000006a3c100000)]

Stack: [0x0000006a3c000000,0x0000006a3c100000]
Native frames: (J=compiled Java code, j=interpreted, Vv=VM code, C=native code)
V  [jvm.dll+0x6734ea]
V  [jvm.dll+0x7d18f4]
V  [jvm.dll+0x7d309e]
V  [jvm.dll+0x7d3703]
V  [jvm.dll+0x2433c5]
V  [jvm.dll+0x6703f9]
V  [jvm.dll+0x664d32]
V  [jvm.dll+0x300086]
V  [jvm.dll+0x307606]
V  [jvm.dll+0x356c1e]
V  [jvm.dll+0x356e4f]
V  [jvm.dll+0x2d72e8]
V  [jvm.dll+0x2d8254]
V  [jvm.dll+0x7a33b1]
V  [jvm.dll+0x3647f1]
V  [jvm.dll+0x782839]
V  [jvm.dll+0x3e757f]
V  [jvm.dll+0x3e9001]
C  [jli.dll+0x5297]
C  [ucrtbase.dll+0x29363]
C  [KERNEL32.DLL+0x126ad]
C  [ntdll.dll+0x5a9f8]


---------------  P R O C E S S  ---------------

Threads class SMR info:
_java_thread_list=0x00007ffaf8c9e958, length=0, elements={
}

Java Threads: ( => current thread )

Other Threads:
  0x0000024323aeca70 GCTaskThread "GC Thread#0" [stack: 0x0000006a3c100000,0x0000006a3c200000] [id=6080]
  0x0000024323afd050 ConcurrentGCThread "G1 Main Marker" [stack: 0x0000006a3c200000,0x0000006a3c300000] [id=22884]
  0x0000024323aff970 ConcurrentGCThread "G1 Conc#0" [stack: 0x0000006a3c300000,0x0000006a3c400000] [id=8756]

[error occurred during error reporting (printing all threads), id 0xc0000005, EXCEPTION_ACCESS_VIOLATION (0xc0000005) at pc=0x00007ffaf84d7f07]

VM state: not at safepoint (not fully initialized)

VM Mutex/Monitor currently owned by a thread:  ([mutex/lock_event])
[0x0000024323a7e8e0] Heap_lock - owner thread: 0x0000024323a80d00

Heap address: 0x000000070ac00000, size: 3924 MB, Compressed Oops mode: Zero based, Oop shift amount: 3

CDS archive(s) mapped at: [0x0000000000000000-0x0000000000000000-0x0000000000000000), size 0, SharedBaseAddress: 0x0000000800000000, ArchiveRelocationMode: 0.
Narrow klass base: 0x0000000000000000, Narrow klass shift: 0, Narrow klass range: 0x0

GC Precious Log:
<Empty>

Heap:
 garbage-first heap   total 0K, used 0K [0x000000070ac00000, 0x0000000800000000)
  region size 2048K, 0 young (0K), 0 survivors (0K)

[error occurred during error reporting (printing heap information), id 0xc0000005, EXCEPTION_ACCESS_VIOLATION (0xc0000005) at pc=0x00007ffaf88bc759]

GC Heap History (0 events):
No events

Deoptimization events (0 events):
No events

Classes unloaded (0 events):
No events

Classes redefined (0 events):
No events

Internal exceptions (0 events):
No events

VM Operations (0 events):
No events

Events (1 events):
Event: 0.021 Loaded shared library C:\Program Files\Java\jdk-17\bin\java.dll


Dynamic libraries:
0x00007ff6beaa0000 - 0x00007ff6beab0000 	C:\Program Files\Java\jdk-17\bin\java.exe
0x00007ffb5eef0000 - 0x00007ffb5f104000 	C:\windows\SYSTEM32\ntdll.dll
0x00007ffb5d5a0000 - 0x00007ffb5d662000 	C:\windows\System32\KERNEL32.DLL
0x00007ffb5c610000 - 0x00007ffb5c9b3000 	C:\windows\System32\KERNELBASE.dll
0x00007ffb5c4c0000 - 0x00007ffb5c5d1000 	C:\windows\System32\ucrtbase.dll
0x00007ffb547f0000 - 0x00007ffb54808000 	C:\Program Files\Java\jdk-17\bin\jli.dll
0x00007ffb49220000 - 0x00007ffb4923b000 	C:\Program Files\Java\jdk-17\bin\VCRUNTIME140.dll
0x00007ffb5daf0000 - 0x00007ffb5db9e000 	C:\windows\System32\ADVAPI32.dll
0x00007ffb5e530000 - 0x00007ffb5e5d7000 	C:\windows\System32\msvcrt.dll
0x00007ffb5cf10000 - 0x00007ffb5cfb4000 	C:\windows\System32\sechost.dll
0x00007ffb5cfc0000 - 0x00007ffb5d0d7000 	C:\windows\System32\RPCRT4.dll
0x00007ffb5d6e0000 - 0x00007ffb5d88b000 	C:\windows\System32\USER32.dll
0x00007ffb5c5e0000 - 0x00007ffb5c606000 	C:\windows\System32\win32u.dll
0x00007ffb5d0e0000 - 0x00007ffb5d109000 	C:\windows\System32\GDI32.dll
0x00007ffb5ca60000 - 0x00007ffb5cb78000 	C:\windows\System32\gdi32full.dll
0x00007ffb5c9c0000 - 0x00007ffb5ca5a000 	C:\windows\System32\msvcp_win.dll
0x00007ffb446d0000 - 0x00007ffb4495e000 	C:\windows\WinSxS\amd64_microsoft.windows.common-controls_6595b64144ccf1df_6.0.22621.1635_none_270f70857386168e\COMCTL32.dll
0x00007ffb536a0000 - 0x00007ffb536aa000 	C:\windows\SYSTEM32\VERSION.dll
0x00007ffb5e410000 - 0x00007ffb5e441000 	C:\windows\System32\IMM32.DLL
0x00007ffb49130000 - 0x00007ffb4913c000 	C:\Program Files\Java\jdk-17\bin\vcruntime140_1.dll
0x00007ffb40da0000 - 0x00007ffb40e2e000 	C:\Program Files\Java\jdk-17\bin\msvcp140.dll
0x00007ffaf81f0000 - 0x00007ffaf8dc7000 	C:\Program Files\Java\jdk-17\bin\server\jvm.dll
0x00007ffb5ede0000 - 0x00007ffb5ede8000 	C:\windows\System32\PSAPI.DLL
0x00007ffb53d10000 - 0x00007ffb53d44000 	C:\windows\SYSTEM32\WINMM.dll
0x00007ffb560e0000 - 0x00007ffb560e9000 	C:\windows\SYSTEM32\WSOCK32.dll
0x00007ffb5d490000 - 0x00007ffb5d501000 	C:\windows\System32\WS2_32.dll
0x00007ffb5b450000 - 0x00007ffb5b468000 	C:\windows\SYSTEM32\kernel.appcore.dll
0x00007ffb49120000 - 0x00007ffb4912a000 	C:\Program Files\Java\jdk-17\bin\jimage.dll
0x00007ffb4a540000 - 0x00007ffb4a76e000 	C:\windows\SYSTEM32\DBGHELP.DLL
0x00007ffb5e080000 - 0x00007ffb5e409000 	C:\windows\System32\combase.dll
0x00007ffb5cd10000 - 0x00007ffb5cde7000 	C:\windows\System32\OLEAUT32.dll
0x00007ffb3fc50000 - 0x00007ffb3fc82000 	C:\windows\SYSTEM32\dbgcore.DLL
0x00007ffb5c310000 - 0x00007ffb5c38b000 	C:\windows\System32\bcryptPrimitives.dll
0x00007ffb42570000 - 0x00007ffb42595000 	C:\Program Files\Java\jdk-17\bin\java.dll

dbghelp: loaded successfully - version: 4.0.5 - missing functions: none
symbol engine: initialized successfully - sym options: 0x614 - pdb path: .;C:\Program Files\Java\jdk-17\bin;C:\windows\SYSTEM32;C:\windows\WinSxS\amd64_microsoft.windows.common-controls_6595b64144ccf1df_6.0.22621.1635_none_270f70857386168e;C:\Program Files\Java\jdk-17\bin\server

VM Arguments:
jvm_args: -Dfile.encoding=UTF-8 --module-path=C:\Users\HP\OneDrive\Documents\NetBeansProjects\Employee Details Management\build\classes 
java_command: employee.details.management.SalaryCalculation
java_class_path (initial): C:\Users\HP\Downloads\mysql-connector-java-8.0.28.jar;C:\Users\HP\Downloads\jcalendar-tz-1.3.3-4.jar;C:\Users\HP\Downloads\rs2xml.jar;C:\Users\HP\OneDrive\Documents\NetBeansProjects\Employee Details Management\build\classes
Launcher Type: SUN_STANDARD

[Global flags]
     intx CICompilerCount                          = 4                                         {product} {ergonomic}
     uint ConcGCThreads                            = 3                                         {product} {ergonomic}
     uint G1ConcRefinementThreads                  = 10                                        {product} {ergonomic}
   size_t G1HeapRegionSize                         = 2097152                                   {product} {ergonomic}
    uintx GCDrainStackTargetSize                   = 64                                        {product} {ergonomic}
   size_t InitialHeapSize                          = 257949696                                 {product} {ergonomic}
   size_t MarkStackSize                            = 4194304                                   {product} {ergonomic}
   size_t MaxHeapSize                              = 4114612224                                {product} {ergonomic}
   size_t MinHeapDeltaBytes                        = 2097152                                   {product} {ergonomic}
   size_t MinHeapSize                              = 8388608                                   {product} {ergonomic}
    uintx NonNMethodCodeHeapSize                   = 5839372                                {pd product} {ergonomic}
    uintx NonProfiledCodeHeapSize                  = 122909434                              {pd product} {ergonomic}
    uintx ProfiledCodeHeapSize                     = 122909434                              {pd product} {ergonomic}
    uintx ReservedCodeCacheSize                    = 251658240                              {pd product} {ergonomic}
     bool SegmentedCodeCache                       = true                                      {product} {ergonomic}
   size_t SoftMaxHeapSize                          = 4114612224                             {manageable} {ergonomic}
     bool UseCompressedClassPointers               = true                           {product lp64_product} {ergonomic}
     bool UseCompressedOops                        = true                           {product lp64_product} {ergonomic}
     bool UseG1GC                                  = true                                      {product} {ergonomic}
     bool UseLargePagesIndividualAllocation        = false                                  {pd product} {ergonomic}

Logging:
Log output configuration:
 #0: stdout all=warning uptime,level,tags
 #1: stderr all=off uptime,level,tags

Environment Variables:
PATH=C:\Program Files\Common Files\Oracle\Java\javapath;C:\windows\system32;C:\windows;C:\windows\System32\Wbem;C:\windows\System32\WindowsPowerShell\v1.0\;C:\windows\System32\OpenSSH\;C:\Program Files\MySQL\MySQL Shell 8.0\bin\;C:\Users\HP\AppData\Local\Programs\Python\Python311\Scripts\;C:\Users\HP\AppData\Local\Programs\Python\Python311\;C:\Users\HP\AppData\Local\Microsoft\WindowsApps;;C:\Users\HP\AppData\Local\Programs\Microsoft VS Code\bin
USERNAME=HP
OS=Windows_NT
PROCESSOR_IDENTIFIER=AMD64 Family 23 Model 104 Stepping 1, AuthenticAMD



---------------  S Y S T E M  ---------------

OS:
 Windows 11 , 64 bit Build 22621 (10.0.22621.1635)
OS uptime: 0 days 7:23 hours
Hyper-V role detected

CPU: total 12 (initial active 12) (12 cores per cpu, 2 threads per core) family 23 model 104 stepping 1 microcode 0x0, cx8, cmov, fxsr, ht, mmx, 3dnowpref, sse, sse2, sse3, ssse3, sse4a, sse4.1, sse4.2, popcnt, lzcnt, tsc, tscinvbit, avx, avx2, aes, clmul, bmi1, bmi2, adx, sha, fma, vzeroupper, clflush, clflushopt, hv

Memory: 4k page, system-wide physical 15694M (4723M free)
TotalPageFile size 39131M (AvailPageFile size 44M)
current process WorkingSet (physical memory assigned to process): 11M, peak: 11M
current process commit charge ("private bytes"): 64M, peak: 310M

vm_info: Java HotSpot(TM) 64-Bit Server VM (17.0.6+9-LTS-190) for windows-amd64 JRE (17.0.6+9-LTS-190), built on Dec  6 2022 15:53:54 by "mach5one" with MS VC++ 17.1 (VS2022)

END.
